[2025-04-18 07:27:35] local.ERROR: No application encryption key has been specified. {"exception":"[object] (Illuminate\\Encryption\\MissingAppKeyException(code: 0): No application encryption key has been specified. at C:\\React\\Web\\Laravel\\Laravel-main\\laravel-react\\vendor\\laravel\\framework\\src\\Illuminate\\Encryption\\EncryptionServiceProvider.php:83)
[stacktrace]
#0 C:\\React\\Web\\Laravel\\Laravel-main\\laravel-react\\vendor\\laravel\\framework\\src\\Illuminate\\Support\\helpers.php(399): Illuminate\\Encryption\\EncryptionServiceProvider->{closure:Illuminate\\Encryption\\EncryptionServiceProvider::key():81}()
#1 C:\\React\\Web\\Laravel\\Laravel-main\\laravel-react\\vendor\\laravel\\framework\\src\\Illuminate\\Encryption\\EncryptionServiceProvider.php(81): tap()
#2 C:\\React\\Web\\Laravel\\Laravel-main\\laravel-react\\vendor\\laravel\\framework\\src\\Illuminate\\Encryption\\EncryptionServiceProvider.php(64): Illuminate\\Encryption\\EncryptionServiceProvider->key()
#3 C:\\React\\Web\\Laravel\\Laravel-main\\laravel-react\\vendor\\laravel\\framework\\src\\Illuminate\\Encryption\\EncryptionServiceProvider.php(32): Illuminate\\Encryption\\EncryptionServiceProvider->parseKey()
#4 C:\\React\\Web\\Laravel\\Laravel-main\\laravel-react\\vendor\\laravel\\framework\\src\\Illuminate\\Container\\Container.php(952): Illuminate\\Encryption\\EncryptionServiceProvider->{closure:Illuminate\\Encryption\\EncryptionServiceProvider::registerEncrypter():29}()
#5 C:\\React\\Web\\Laravel\\Laravel-main\\laravel-react\\vendor\\laravel\\framework\\src\\Illuminate\\Container\\Container.php(832): Illuminate\\Container\\Container->build()
#6 C:\\React\\Web\\Laravel\\Laravel-main\\laravel-react\\vendor\\laravel\\framework\\src\\Illuminate\\Foundation\\Application.php(1078): Illuminate\\Container\\Container->resolve()
#7 C:\\React\\Web\\Laravel\\Laravel-main\\laravel-react\\vendor\\laravel\\framework\\src\\Illuminate\\Container\\Container.php(763): Illuminate\\Foundation\\Application->resolve()
#8 C:\\React\\Web\\Laravel\\Laravel-main\\laravel-react\\vendor\\laravel\\framework\\src\\Illuminate\\Foundation\\Application.php(1058): Illuminate\\Container\\Container->make()
#9 C:\\React\\Web\\Laravel\\Laravel-main\\laravel-react\\vendor\\laravel\\framework\\src\\Illuminate\\Container\\Container.php(1133): Illuminate\\Foundation\\Application->make()
#10 C:\\React\\Web\\Laravel\\Laravel-main\\laravel-react\\vendor\\laravel\\framework\\src\\Illuminate\\Container\\Container.php(1043): Illuminate\\Container\\Container->resolveClass()
#11 C:\\React\\Web\\Laravel\\Laravel-main\\laravel-react\\vendor\\laravel\\framework\\src\\Illuminate\\Container\\Container.php(994): Illuminate\\Container\\Container->resolveDependencies()
#12 C:\\React\\Web\\Laravel\\Laravel-main\\laravel-react\\vendor\\laravel\\framework\\src\\Illuminate\\Container\\Container.php(832): Illuminate\\Container\\Container->build()
#13 C:\\React\\Web\\Laravel\\Laravel-main\\laravel-react\\vendor\\laravel\\framework\\src\\Illuminate\\Foundation\\Application.php(1078): Illuminate\\Container\\Container->resolve()
#14 C:\\React\\Web\\Laravel\\Laravel-main\\laravel-react\\vendor\\laravel\\framework\\src\\Illuminate\\Container\\Container.php(763): Illuminate\\Foundation\\Application->resolve()
#15 C:\\React\\Web\\Laravel\\Laravel-main\\laravel-react\\vendor\\laravel\\framework\\src\\Illuminate\\Foundation\\Application.php(1058): Illuminate\\Container\\Container->make()
#16 C:\\React\\Web\\Laravel\\Laravel-main\\laravel-react\\vendor\\laravel\\framework\\src\\Illuminate\\Pipeline\\Pipeline.php(198): Illuminate\\Foundation\\Application->make()
#17 C:\\React\\Web\\Laravel\\Laravel-main\\laravel-react\\vendor\\laravel\\framework\\src\\Illuminate\\Pipeline\\Pipeline.php(127): Illuminate\\Pipeline\\Pipeline->{closure:{closure:Illuminate\\Pipeline\\Pipeline::carry():184}:185}()
#18 C:\\React\\Web\\Laravel\\Laravel-main\\laravel-react\\vendor\\laravel\\framework\\src\\Illuminate\\Routing\\Router.php(807): Illuminate\\Pipeline\\Pipeline->then()
#19 C:\\React\\Web\\Laravel\\Laravel-main\\laravel-react\\vendor\\laravel\\framework\\src\\Illuminate\\Routing\\Router.php(786): Illuminate\\Routing\\Router->runRouteWithinStack()
#20 C:\\React\\Web\\Laravel\\Laravel-main\\laravel-react\\vendor\\laravel\\framework\\src\\Illuminate\\Routing\\Router.php(750): Illuminate\\Routing\\Router->runRoute()
#21 C:\\React\\Web\\Laravel\\Laravel-main\\laravel-react\\vendor\\laravel\\framework\\src\\Illuminate\\Routing\\Router.php(739): Illuminate\\Routing\\Router->dispatchToRoute()
#22 C:\\React\\Web\\Laravel\\Laravel-main\\laravel-react\\vendor\\laravel\\framework\\src\\Illuminate\\Foundation\\Http\\Kernel.php(201): Illuminate\\Routing\\Router->dispatch()
#23 C:\\React\\Web\\Laravel\\Laravel-main\\laravel-react\\vendor\\laravel\\framework\\src\\Illuminate\\Pipeline\\Pipeline.php(170): Illuminate\\Foundation\\Http\\Kernel->{closure:Illuminate\\Foundation\\Http\\Kernel::dispatchToRouter():198}()
#24 C:\\React\\Web\\Laravel\\Laravel-main\\laravel-react\\vendor\\laravel\\framework\\src\\Illuminate\\Foundation\\Http\\Middleware\\TransformsRequest.php(21): Illuminate\\Pipeline\\Pipeline->{closure:Illuminate\\Pipeline\\Pipeline::prepareDestination():168}()
#25 C:\\React\\Web\\Laravel\\Laravel-main\\laravel-react\\vendor\\laravel\\framework\\src\\Illuminate\\Foundation\\Http\\Middleware\\ConvertEmptyStringsToNull.php(31): Illuminate\\Foundation\\Http\\Middleware\\TransformsRequest->handle()
#26 C:\\React\\Web\\Laravel\\Laravel-main\\laravel-react\\vendor\\laravel\\framework\\src\\Illuminate\\Pipeline\\Pipeline.php(209): Illuminate\\Foundation\\Http\\Middleware\\ConvertEmptyStringsToNull->handle()
#27 C:\\React\\Web\\Laravel\\Laravel-main\\laravel-react\\vendor\\laravel\\framework\\src\\Illuminate\\Foundation\\Http\\Middleware\\TransformsRequest.php(21): Illuminate\\Pipeline\\Pipeline->{closure:{closure:Illuminate\\Pipeline\\Pipeline::carry():184}:185}()
#28 C:\\React\\Web\\Laravel\\Laravel-main\\laravel-react\\vendor\\laravel\\framework\\src\\Illuminate\\Foundation\\Http\\Middleware\\TrimStrings.php(51): Illuminate\\Foundation\\Http\\Middleware\\TransformsRequest->handle()
#29 C:\\React\\Web\\Laravel\\Laravel-main\\laravel-react\\vendor\\laravel\\framework\\src\\Illuminate\\Pipeline\\Pipeline.php(209): Illuminate\\Foundation\\Http\\Middleware\\TrimStrings->handle()
#30 C:\\React\\Web\\Laravel\\Laravel-main\\laravel-react\\vendor\\laravel\\framework\\src\\Illuminate\\Http\\Middleware\\ValidatePostSize.php(27): Illuminate\\Pipeline\\Pipeline->{closure:{closure:Illuminate\\Pipeline\\Pipeline::carry():184}:185}()
#31 C:\\React\\Web\\Laravel\\Laravel-main\\laravel-react\\vendor\\laravel\\framework\\src\\Illuminate\\Pipeline\\Pipeline.php(209): Illuminate\\Http\\Middleware\\ValidatePostSize->handle()
#32 C:\\React\\Web\\Laravel\\Laravel-main\\laravel-react\\vendor\\laravel\\framework\\src\\Illuminate\\Foundation\\Http\\Middleware\\PreventRequestsDuringMaintenance.php(110): Illuminate\\Pipeline\\Pipeline->{closure:{closure:Illuminate\\Pipeline\\Pipeline::carry():184}:185}()
#33 C:\\React\\Web\\Laravel\\Laravel-main\\laravel-react\\vendor\\laravel\\framework\\src\\Illuminate\\Pipeline\\Pipeline.php(209): Illuminate\\Foundation\\Http\\Middleware\\PreventRequestsDuringMaintenance->handle()
#34 C:\\React\\Web\\Laravel\\Laravel-main\\laravel-react\\vendor\\laravel\\framework\\src\\Illuminate\\Http\\Middleware\\HandleCors.php(49): Illuminate\\Pipeline\\Pipeline->{closure:{closure:Illuminate\\Pipeline\\Pipeline::carry():184}:185}()
#35 C:\\React\\Web\\Laravel\\Laravel-main\\laravel-react\\vendor\\laravel\\framework\\src\\Illuminate\\Pipeline\\Pipeline.php(209): Illuminate\\Http\\Middleware\\HandleCors->handle()
#36 C:\\React\\Web\\Laravel\\Laravel-main\\laravel-react\\vendor\\laravel\\framework\\src\\Illuminate\\Http\\Middleware\\TrustProxies.php(58): Illuminate\\Pipeline\\Pipeline->{closure:{closure:Illuminate\\Pipeline\\Pipeline::carry():184}:185}()
#37 C:\\React\\Web\\Laravel\\Laravel-main\\laravel-react\\vendor\\laravel\\framework\\src\\Illuminate\\Pipeline\\Pipeline.php(209): Illuminate\\Http\\Middleware\\TrustProxies->handle()
#38 C:\\React\\Web\\Laravel\\Laravel-main\\laravel-react\\vendor\\laravel\\framework\\src\\Illuminate\\Foundation\\Http\\Middleware\\InvokeDeferredCallbacks.php(22): Illuminate\\Pipeline\\Pipeline->{closure:{closure:Illuminate\\Pipeline\\Pipeline::carry():184}:185}()
#39 C:\\React\\Web\\Laravel\\Laravel-main\\laravel-react\\vendor\\laravel\\framework\\src\\Illuminate\\Pipeline\\Pipeline.php(209): Illuminate\\Foundation\\Http\\Middleware\\InvokeDeferredCallbacks->handle()
#40 C:\\React\\Web\\Laravel\\Laravel-main\\laravel-react\\vendor\\laravel\\framework\\src\\Illuminate\\Pipeline\\Pipeline.php(127): Illuminate\\Pipeline\\Pipeline->{closure:{closure:Illuminate\\Pipeline\\Pipeline::carry():184}:185}()
#41 C:\\React\\Web\\Laravel\\Laravel-main\\laravel-react\\vendor\\laravel\\framework\\src\\Illuminate\\Foundation\\Http\\Kernel.php(176): Illuminate\\Pipeline\\Pipeline->then()
#42 C:\\React\\Web\\Laravel\\Laravel-main\\laravel-react\\vendor\\laravel\\framework\\src\\Illuminate\\Foundation\\Http\\Kernel.php(145): Illuminate\\Foundation\\Http\\Kernel->sendRequestThroughRouter()
#43 C:\\React\\Web\\Laravel\\Laravel-main\\laravel-react\\vendor\\laravel\\framework\\src\\Illuminate\\Foundation\\Application.php(1220): Illuminate\\Foundation\\Http\\Kernel->handle()
#44 C:\\React\\Web\\Laravel\\Laravel-main\\laravel-react\\public\\index.php(17): Illuminate\\Foundation\\Application->handleRequest()
#45 C:\\React\\Web\\Laravel\\Laravel-main\\laravel-react\\vendor\\laravel\\framework\\src\\Illuminate\\Foundation\\resources\\server.php(23): require_once('...')
#46 {main}
"} 
[2025-04-18 07:27:38] local.ERROR: No application encryption key has been specified. {"exception":"[object] (Illuminate\\Encryption\\MissingAppKeyException(code: 0): No application encryption key has been specified. at C:\\React\\Web\\Laravel\\Laravel-main\\laravel-react\\vendor\\laravel\\framework\\src\\Illuminate\\Encryption\\EncryptionServiceProvider.php:83)
[stacktrace]
#0 C:\\React\\Web\\Laravel\\Laravel-main\\laravel-react\\vendor\\laravel\\framework\\src\\Illuminate\\Support\\helpers.php(399): Illuminate\\Encryption\\EncryptionServiceProvider->{closure:Illuminate\\Encryption\\EncryptionServiceProvider::key():81}()
#1 C:\\React\\Web\\Laravel\\Laravel-main\\laravel-react\\vendor\\laravel\\framework\\src\\Illuminate\\Encryption\\EncryptionServiceProvider.php(81): tap()
#2 C:\\React\\Web\\Laravel\\Laravel-main\\laravel-react\\vendor\\laravel\\framework\\src\\Illuminate\\Encryption\\EncryptionServiceProvider.php(64): Illuminate\\Encryption\\EncryptionServiceProvider->key()
#3 C:\\React\\Web\\Laravel\\Laravel-main\\laravel-react\\vendor\\laravel\\framework\\src\\Illuminate\\Encryption\\EncryptionServiceProvider.php(32): Illuminate\\Encryption\\EncryptionServiceProvider->parseKey()
#4 C:\\React\\Web\\Laravel\\Laravel-main\\laravel-react\\vendor\\laravel\\framework\\src\\Illuminate\\Container\\Container.php(952): Illuminate\\Encryption\\EncryptionServiceProvider->{closure:Illuminate\\Encryption\\EncryptionServiceProvider::registerEncrypter():29}()
#5 C:\\React\\Web\\Laravel\\Laravel-main\\laravel-react\\vendor\\laravel\\framework\\src\\Illuminate\\Container\\Container.php(832): Illuminate\\Container\\Container->build()
#6 C:\\React\\Web\\Laravel\\Laravel-main\\laravel-react\\vendor\\laravel\\framework\\src\\Illuminate\\Foundation\\Application.php(1078): Illuminate\\Container\\Container->resolve()
#7 C:\\React\\Web\\Laravel\\Laravel-main\\laravel-react\\vendor\\laravel\\framework\\src\\Illuminate\\Container\\Container.php(763): Illuminate\\Foundation\\Application->resolve()
#8 C:\\React\\Web\\Laravel\\Laravel-main\\laravel-react\\vendor\\laravel\\framework\\src\\Illuminate\\Foundation\\Application.php(1058): Illuminate\\Container\\Container->make()
#9 C:\\React\\Web\\Laravel\\Laravel-main\\laravel-react\\vendor\\laravel\\framework\\src\\Illuminate\\Container\\Container.php(1133): Illuminate\\Foundation\\Application->make()
#10 C:\\React\\Web\\Laravel\\Laravel-main\\laravel-react\\vendor\\laravel\\framework\\src\\Illuminate\\Container\\Container.php(1043): Illuminate\\Container\\Container->resolveClass()
#11 C:\\React\\Web\\Laravel\\Laravel-main\\laravel-react\\vendor\\laravel\\framework\\src\\Illuminate\\Container\\Container.php(994): Illuminate\\Container\\Container->resolveDependencies()
#12 C:\\React\\Web\\Laravel\\Laravel-main\\laravel-react\\vendor\\laravel\\framework\\src\\Illuminate\\Container\\Container.php(832): Illuminate\\Container\\Container->build()
#13 C:\\React\\Web\\Laravel\\Laravel-main\\laravel-react\\vendor\\laravel\\framework\\src\\Illuminate\\Foundation\\Application.php(1078): Illuminate\\Container\\Container->resolve()
#14 C:\\React\\Web\\Laravel\\Laravel-main\\laravel-react\\vendor\\laravel\\framework\\src\\Illuminate\\Container\\Container.php(763): Illuminate\\Foundation\\Application->resolve()
#15 C:\\React\\Web\\Laravel\\Laravel-main\\laravel-react\\vendor\\laravel\\framework\\src\\Illuminate\\Foundation\\Application.php(1058): Illuminate\\Container\\Container->make()
#16 C:\\React\\Web\\Laravel\\Laravel-main\\laravel-react\\vendor\\laravel\\framework\\src\\Illuminate\\Foundation\\Http\\Kernel.php(258): Illuminate\\Foundation\\Application->make()
#17 C:\\React\\Web\\Laravel\\Laravel-main\\laravel-react\\vendor\\laravel\\framework\\src\\Illuminate\\Foundation\\Http\\Kernel.php(216): Illuminate\\Foundation\\Http\\Kernel->terminateMiddleware()
#18 C:\\React\\Web\\Laravel\\Laravel-main\\laravel-react\\vendor\\laravel\\framework\\src\\Illuminate\\Foundation\\Application.php(1222): Illuminate\\Foundation\\Http\\Kernel->terminate()
#19 C:\\React\\Web\\Laravel\\Laravel-main\\laravel-react\\public\\index.php(17): Illuminate\\Foundation\\Application->handleRequest()
#20 C:\\React\\Web\\Laravel\\Laravel-main\\laravel-react\\vendor\\laravel\\framework\\src\\Illuminate\\Foundation\\resources\\server.php(23): require_once('...')
#21 {main}
"} 
[2025-04-18 07:31:21] local.ERROR: No application encryption key has been specified. {"exception":"[object] (Illuminate\\Encryption\\MissingAppKeyException(code: 0): No application encryption key has been specified. at C:\\React\\Web\\Laravel\\Laravel-main\\laravel-react\\vendor\\laravel\\framework\\src\\Illuminate\\Encryption\\EncryptionServiceProvider.php:83)
[stacktrace]
#0 C:\\React\\Web\\Laravel\\Laravel-main\\laravel-react\\vendor\\laravel\\framework\\src\\Illuminate\\Support\\helpers.php(399): Illuminate\\Encryption\\EncryptionServiceProvider->{closure:Illuminate\\Encryption\\EncryptionServiceProvider::key():81}()
#1 C:\\React\\Web\\Laravel\\Laravel-main\\laravel-react\\vendor\\laravel\\framework\\src\\Illuminate\\Encryption\\EncryptionServiceProvider.php(81): tap()
#2 C:\\React\\Web\\Laravel\\Laravel-main\\laravel-react\\vendor\\laravel\\framework\\src\\Illuminate\\Encryption\\EncryptionServiceProvider.php(64): Illuminate\\Encryption\\EncryptionServiceProvider->key()
#3 C:\\React\\Web\\Laravel\\Laravel-main\\laravel-react\\vendor\\laravel\\framework\\src\\Illuminate\\Encryption\\EncryptionServiceProvider.php(32): Illuminate\\Encryption\\EncryptionServiceProvider->parseKey()
#4 C:\\React\\Web\\Laravel\\Laravel-main\\laravel-react\\vendor\\laravel\\framework\\src\\Illuminate\\Container\\Container.php(952): Illuminate\\Encryption\\EncryptionServiceProvider->{closure:Illuminate\\Encryption\\EncryptionServiceProvider::registerEncrypter():29}()
#5 C:\\React\\Web\\Laravel\\Laravel-main\\laravel-react\\vendor\\laravel\\framework\\src\\Illuminate\\Container\\Container.php(832): Illuminate\\Container\\Container->build()
#6 C:\\React\\Web\\Laravel\\Laravel-main\\laravel-react\\vendor\\laravel\\framework\\src\\Illuminate\\Foundation\\Application.php(1078): Illuminate\\Container\\Container->resolve()
#7 C:\\React\\Web\\Laravel\\Laravel-main\\laravel-react\\vendor\\laravel\\framework\\src\\Illuminate\\Container\\Container.php(763): Illuminate\\Foundation\\Application->resolve()
#8 C:\\React\\Web\\Laravel\\Laravel-main\\laravel-react\\vendor\\laravel\\framework\\src\\Illuminate\\Foundation\\Application.php(1058): Illuminate\\Container\\Container->make()
#9 C:\\React\\Web\\Laravel\\Laravel-main\\laravel-react\\vendor\\laravel\\framework\\src\\Illuminate\\Container\\Container.php(1133): Illuminate\\Foundation\\Application->make()
#10 C:\\React\\Web\\Laravel\\Laravel-main\\laravel-react\\vendor\\laravel\\framework\\src\\Illuminate\\Container\\Container.php(1043): Illuminate\\Container\\Container->resolveClass()
#11 C:\\React\\Web\\Laravel\\Laravel-main\\laravel-react\\vendor\\laravel\\framework\\src\\Illuminate\\Container\\Container.php(994): Illuminate\\Container\\Container->resolveDependencies()
#12 C:\\React\\Web\\Laravel\\Laravel-main\\laravel-react\\vendor\\laravel\\framework\\src\\Illuminate\\Container\\Container.php(832): Illuminate\\Container\\Container->build()
#13 C:\\React\\Web\\Laravel\\Laravel-main\\laravel-react\\vendor\\laravel\\framework\\src\\Illuminate\\Foundation\\Application.php(1078): Illuminate\\Container\\Container->resolve()
#14 C:\\React\\Web\\Laravel\\Laravel-main\\laravel-react\\vendor\\laravel\\framework\\src\\Illuminate\\Container\\Container.php(763): Illuminate\\Foundation\\Application->resolve()
#15 C:\\React\\Web\\Laravel\\Laravel-main\\laravel-react\\vendor\\laravel\\framework\\src\\Illuminate\\Foundation\\Application.php(1058): Illuminate\\Container\\Container->make()
#16 C:\\React\\Web\\Laravel\\Laravel-main\\laravel-react\\vendor\\laravel\\framework\\src\\Illuminate\\Pipeline\\Pipeline.php(198): Illuminate\\Foundation\\Application->make()
#17 C:\\React\\Web\\Laravel\\Laravel-main\\laravel-react\\vendor\\laravel\\framework\\src\\Illuminate\\Pipeline\\Pipeline.php(127): Illuminate\\Pipeline\\Pipeline->{closure:{closure:Illuminate\\Pipeline\\Pipeline::carry():184}:185}()
#18 C:\\React\\Web\\Laravel\\Laravel-main\\laravel-react\\vendor\\laravel\\framework\\src\\Illuminate\\Routing\\Router.php(807): Illuminate\\Pipeline\\Pipeline->then()
#19 C:\\React\\Web\\Laravel\\Laravel-main\\laravel-react\\vendor\\laravel\\framework\\src\\Illuminate\\Routing\\Router.php(786): Illuminate\\Routing\\Router->runRouteWithinStack()
#20 C:\\React\\Web\\Laravel\\Laravel-main\\laravel-react\\vendor\\laravel\\framework\\src\\Illuminate\\Routing\\Router.php(750): Illuminate\\Routing\\Router->runRoute()
#21 C:\\React\\Web\\Laravel\\Laravel-main\\laravel-react\\vendor\\laravel\\framework\\src\\Illuminate\\Routing\\Router.php(739): Illuminate\\Routing\\Router->dispatchToRoute()
#22 C:\\React\\Web\\Laravel\\Laravel-main\\laravel-react\\vendor\\laravel\\framework\\src\\Illuminate\\Foundation\\Http\\Kernel.php(201): Illuminate\\Routing\\Router->dispatch()
#23 C:\\React\\Web\\Laravel\\Laravel-main\\laravel-react\\vendor\\laravel\\framework\\src\\Illuminate\\Pipeline\\Pipeline.php(170): Illuminate\\Foundation\\Http\\Kernel->{closure:Illuminate\\Foundation\\Http\\Kernel::dispatchToRouter():198}()
#24 C:\\React\\Web\\Laravel\\Laravel-main\\laravel-react\\vendor\\laravel\\framework\\src\\Illuminate\\Foundation\\Http\\Middleware\\TransformsRequest.php(21): Illuminate\\Pipeline\\Pipeline->{closure:Illuminate\\Pipeline\\Pipeline::prepareDestination():168}()
#25 C:\\React\\Web\\Laravel\\Laravel-main\\laravel-react\\vendor\\laravel\\framework\\src\\Illuminate\\Foundation\\Http\\Middleware\\ConvertEmptyStringsToNull.php(31): Illuminate\\Foundation\\Http\\Middleware\\TransformsRequest->handle()
#26 C:\\React\\Web\\Laravel\\Laravel-main\\laravel-react\\vendor\\laravel\\framework\\src\\Illuminate\\Pipeline\\Pipeline.php(209): Illuminate\\Foundation\\Http\\Middleware\\ConvertEmptyStringsToNull->handle()
#27 C:\\React\\Web\\Laravel\\Laravel-main\\laravel-react\\vendor\\laravel\\framework\\src\\Illuminate\\Foundation\\Http\\Middleware\\TransformsRequest.php(21): Illuminate\\Pipeline\\Pipeline->{closure:{closure:Illuminate\\Pipeline\\Pipeline::carry():184}:185}()
#28 C:\\React\\Web\\Laravel\\Laravel-main\\laravel-react\\vendor\\laravel\\framework\\src\\Illuminate\\Foundation\\Http\\Middleware\\TrimStrings.php(51): Illuminate\\Foundation\\Http\\Middleware\\TransformsRequest->handle()
#29 C:\\React\\Web\\Laravel\\Laravel-main\\laravel-react\\vendor\\laravel\\framework\\src\\Illuminate\\Pipeline\\Pipeline.php(209): Illuminate\\Foundation\\Http\\Middleware\\TrimStrings->handle()
#30 C:\\React\\Web\\Laravel\\Laravel-main\\laravel-react\\vendor\\laravel\\framework\\src\\Illuminate\\Http\\Middleware\\ValidatePostSize.php(27): Illuminate\\Pipeline\\Pipeline->{closure:{closure:Illuminate\\Pipeline\\Pipeline::carry():184}:185}()
#31 C:\\React\\Web\\Laravel\\Laravel-main\\laravel-react\\vendor\\laravel\\framework\\src\\Illuminate\\Pipeline\\Pipeline.php(209): Illuminate\\Http\\Middleware\\ValidatePostSize->handle()
#32 C:\\React\\Web\\Laravel\\Laravel-main\\laravel-react\\vendor\\laravel\\framework\\src\\Illuminate\\Foundation\\Http\\Middleware\\PreventRequestsDuringMaintenance.php(110): Illuminate\\Pipeline\\Pipeline->{closure:{closure:Illuminate\\Pipeline\\Pipeline::carry():184}:185}()
#33 C:\\React\\Web\\Laravel\\Laravel-main\\laravel-react\\vendor\\laravel\\framework\\src\\Illuminate\\Pipeline\\Pipeline.php(209): Illuminate\\Foundation\\Http\\Middleware\\PreventRequestsDuringMaintenance->handle()
#34 C:\\React\\Web\\Laravel\\Laravel-main\\laravel-react\\vendor\\laravel\\framework\\src\\Illuminate\\Http\\Middleware\\HandleCors.php(49): Illuminate\\Pipeline\\Pipeline->{closure:{closure:Illuminate\\Pipeline\\Pipeline::carry():184}:185}()
#35 C:\\React\\Web\\Laravel\\Laravel-main\\laravel-react\\vendor\\laravel\\framework\\src\\Illuminate\\Pipeline\\Pipeline.php(209): Illuminate\\Http\\Middleware\\HandleCors->handle()
#36 C:\\React\\Web\\Laravel\\Laravel-main\\laravel-react\\vendor\\laravel\\framework\\src\\Illuminate\\Http\\Middleware\\TrustProxies.php(58): Illuminate\\Pipeline\\Pipeline->{closure:{closure:Illuminate\\Pipeline\\Pipeline::carry():184}:185}()
#37 C:\\React\\Web\\Laravel\\Laravel-main\\laravel-react\\vendor\\laravel\\framework\\src\\Illuminate\\Pipeline\\Pipeline.php(209): Illuminate\\Http\\Middleware\\TrustProxies->handle()
#38 C:\\React\\Web\\Laravel\\Laravel-main\\laravel-react\\vendor\\laravel\\framework\\src\\Illuminate\\Foundation\\Http\\Middleware\\InvokeDeferredCallbacks.php(22): Illuminate\\Pipeline\\Pipeline->{closure:{closure:Illuminate\\Pipeline\\Pipeline::carry():184}:185}()
#39 C:\\React\\Web\\Laravel\\Laravel-main\\laravel-react\\vendor\\laravel\\framework\\src\\Illuminate\\Pipeline\\Pipeline.php(209): Illuminate\\Foundation\\Http\\Middleware\\InvokeDeferredCallbacks->handle()
#40 C:\\React\\Web\\Laravel\\Laravel-main\\laravel-react\\vendor\\laravel\\framework\\src\\Illuminate\\Pipeline\\Pipeline.php(127): Illuminate\\Pipeline\\Pipeline->{closure:{closure:Illuminate\\Pipeline\\Pipeline::carry():184}:185}()
#41 C:\\React\\Web\\Laravel\\Laravel-main\\laravel-react\\vendor\\laravel\\framework\\src\\Illuminate\\Foundation\\Http\\Kernel.php(176): Illuminate\\Pipeline\\Pipeline->then()
#42 C:\\React\\Web\\Laravel\\Laravel-main\\laravel-react\\vendor\\laravel\\framework\\src\\Illuminate\\Foundation\\Http\\Kernel.php(145): Illuminate\\Foundation\\Http\\Kernel->sendRequestThroughRouter()
#43 C:\\React\\Web\\Laravel\\Laravel-main\\laravel-react\\vendor\\laravel\\framework\\src\\Illuminate\\Foundation\\Application.php(1220): Illuminate\\Foundation\\Http\\Kernel->handle()
#44 C:\\React\\Web\\Laravel\\Laravel-main\\laravel-react\\public\\index.php(17): Illuminate\\Foundation\\Application->handleRequest()
#45 C:\\React\\Web\\Laravel\\Laravel-main\\laravel-react\\vendor\\laravel\\framework\\src\\Illuminate\\Foundation\\resources\\server.php(23): require_once('...')
#46 {main}
"} 
[2025-04-18 07:31:22] local.ERROR: No application encryption key has been specified. {"exception":"[object] (Illuminate\\Encryption\\MissingAppKeyException(code: 0): No application encryption key has been specified. at C:\\React\\Web\\Laravel\\Laravel-main\\laravel-react\\vendor\\laravel\\framework\\src\\Illuminate\\Encryption\\EncryptionServiceProvider.php:83)
[stacktrace]
#0 C:\\React\\Web\\Laravel\\Laravel-main\\laravel-react\\vendor\\laravel\\framework\\src\\Illuminate\\Support\\helpers.php(399): Illuminate\\Encryption\\EncryptionServiceProvider->{closure:Illuminate\\Encryption\\EncryptionServiceProvider::key():81}()
#1 C:\\React\\Web\\Laravel\\Laravel-main\\laravel-react\\vendor\\laravel\\framework\\src\\Illuminate\\Encryption\\EncryptionServiceProvider.php(81): tap()
#2 C:\\React\\Web\\Laravel\\Laravel-main\\laravel-react\\vendor\\laravel\\framework\\src\\Illuminate\\Encryption\\EncryptionServiceProvider.php(64): Illuminate\\Encryption\\EncryptionServiceProvider->key()
#3 C:\\React\\Web\\Laravel\\Laravel-main\\laravel-react\\vendor\\laravel\\framework\\src\\Illuminate\\Encryption\\EncryptionServiceProvider.php(32): Illuminate\\Encryption\\EncryptionServiceProvider->parseKey()
#4 C:\\React\\Web\\Laravel\\Laravel-main\\laravel-react\\vendor\\laravel\\framework\\src\\Illuminate\\Container\\Container.php(952): Illuminate\\Encryption\\EncryptionServiceProvider->{closure:Illuminate\\Encryption\\EncryptionServiceProvider::registerEncrypter():29}()
#5 C:\\React\\Web\\Laravel\\Laravel-main\\laravel-react\\vendor\\laravel\\framework\\src\\Illuminate\\Container\\Container.php(832): Illuminate\\Container\\Container->build()
#6 C:\\React\\Web\\Laravel\\Laravel-main\\laravel-react\\vendor\\laravel\\framework\\src\\Illuminate\\Foundation\\Application.php(1078): Illuminate\\Container\\Container->resolve()
#7 C:\\React\\Web\\Laravel\\Laravel-main\\laravel-react\\vendor\\laravel\\framework\\src\\Illuminate\\Container\\Container.php(763): Illuminate\\Foundation\\Application->resolve()
#8 C:\\React\\Web\\Laravel\\Laravel-main\\laravel-react\\vendor\\laravel\\framework\\src\\Illuminate\\Foundation\\Application.php(1058): Illuminate\\Container\\Container->make()
#9 C:\\React\\Web\\Laravel\\Laravel-main\\laravel-react\\vendor\\laravel\\framework\\src\\Illuminate\\Container\\Container.php(1133): Illuminate\\Foundation\\Application->make()
#10 C:\\React\\Web\\Laravel\\Laravel-main\\laravel-react\\vendor\\laravel\\framework\\src\\Illuminate\\Container\\Container.php(1043): Illuminate\\Container\\Container->resolveClass()
#11 C:\\React\\Web\\Laravel\\Laravel-main\\laravel-react\\vendor\\laravel\\framework\\src\\Illuminate\\Container\\Container.php(994): Illuminate\\Container\\Container->resolveDependencies()
#12 C:\\React\\Web\\Laravel\\Laravel-main\\laravel-react\\vendor\\laravel\\framework\\src\\Illuminate\\Container\\Container.php(832): Illuminate\\Container\\Container->build()
#13 C:\\React\\Web\\Laravel\\Laravel-main\\laravel-react\\vendor\\laravel\\framework\\src\\Illuminate\\Foundation\\Application.php(1078): Illuminate\\Container\\Container->resolve()
#14 C:\\React\\Web\\Laravel\\Laravel-main\\laravel-react\\vendor\\laravel\\framework\\src\\Illuminate\\Container\\Container.php(763): Illuminate\\Foundation\\Application->resolve()
#15 C:\\React\\Web\\Laravel\\Laravel-main\\laravel-react\\vendor\\laravel\\framework\\src\\Illuminate\\Foundation\\Application.php(1058): Illuminate\\Container\\Container->make()
#16 C:\\React\\Web\\Laravel\\Laravel-main\\laravel-react\\vendor\\laravel\\framework\\src\\Illuminate\\Foundation\\Http\\Kernel.php(258): Illuminate\\Foundation\\Application->make()
#17 C:\\React\\Web\\Laravel\\Laravel-main\\laravel-react\\vendor\\laravel\\framework\\src\\Illuminate\\Foundation\\Http\\Kernel.php(216): Illuminate\\Foundation\\Http\\Kernel->terminateMiddleware()
#18 C:\\React\\Web\\Laravel\\Laravel-main\\laravel-react\\vendor\\laravel\\framework\\src\\Illuminate\\Foundation\\Application.php(1222): Illuminate\\Foundation\\Http\\Kernel->terminate()
#19 C:\\React\\Web\\Laravel\\Laravel-main\\laravel-react\\public\\index.php(17): Illuminate\\Foundation\\Application->handleRequest()
#20 C:\\React\\Web\\Laravel\\Laravel-main\\laravel-react\\vendor\\laravel\\framework\\src\\Illuminate\\Foundation\\resources\\server.php(23): require_once('...')
#21 {main}
"} 
[2025-04-18 07:33:28] local.ERROR: No application encryption key has been specified. {"exception":"[object] (Illuminate\\Encryption\\MissingAppKeyException(code: 0): No application encryption key has been specified. at C:\\React\\Web\\Laravel\\Laravel-main\\laravel-react\\vendor\\laravel\\framework\\src\\Illuminate\\Encryption\\EncryptionServiceProvider.php:83)
[stacktrace]
#0 C:\\React\\Web\\Laravel\\Laravel-main\\laravel-react\\vendor\\laravel\\framework\\src\\Illuminate\\Support\\helpers.php(399): Illuminate\\Encryption\\EncryptionServiceProvider->{closure:Illuminate\\Encryption\\EncryptionServiceProvider::key():81}()
#1 C:\\React\\Web\\Laravel\\Laravel-main\\laravel-react\\vendor\\laravel\\framework\\src\\Illuminate\\Encryption\\EncryptionServiceProvider.php(81): tap()
#2 C:\\React\\Web\\Laravel\\Laravel-main\\laravel-react\\vendor\\laravel\\framework\\src\\Illuminate\\Encryption\\EncryptionServiceProvider.php(64): Illuminate\\Encryption\\EncryptionServiceProvider->key()
#3 C:\\React\\Web\\Laravel\\Laravel-main\\laravel-react\\vendor\\laravel\\framework\\src\\Illuminate\\Encryption\\EncryptionServiceProvider.php(32): Illuminate\\Encryption\\EncryptionServiceProvider->parseKey()
#4 C:\\React\\Web\\Laravel\\Laravel-main\\laravel-react\\vendor\\laravel\\framework\\src\\Illuminate\\Container\\Container.php(952): Illuminate\\Encryption\\EncryptionServiceProvider->{closure:Illuminate\\Encryption\\EncryptionServiceProvider::registerEncrypter():29}()
#5 C:\\React\\Web\\Laravel\\Laravel-main\\laravel-react\\vendor\\laravel\\framework\\src\\Illuminate\\Container\\Container.php(832): Illuminate\\Container\\Container->build()
#6 C:\\React\\Web\\Laravel\\Laravel-main\\laravel-react\\vendor\\laravel\\framework\\src\\Illuminate\\Foundation\\Application.php(1078): Illuminate\\Container\\Container->resolve()
#7 C:\\React\\Web\\Laravel\\Laravel-main\\laravel-react\\vendor\\laravel\\framework\\src\\Illuminate\\Container\\Container.php(763): Illuminate\\Foundation\\Application->resolve()
#8 C:\\React\\Web\\Laravel\\Laravel-main\\laravel-react\\vendor\\laravel\\framework\\src\\Illuminate\\Foundation\\Application.php(1058): Illuminate\\Container\\Container->make()
#9 C:\\React\\Web\\Laravel\\Laravel-main\\laravel-react\\vendor\\laravel\\framework\\src\\Illuminate\\Container\\Container.php(1133): Illuminate\\Foundation\\Application->make()
#10 C:\\React\\Web\\Laravel\\Laravel-main\\laravel-react\\vendor\\laravel\\framework\\src\\Illuminate\\Container\\Container.php(1043): Illuminate\\Container\\Container->resolveClass()
#11 C:\\React\\Web\\Laravel\\Laravel-main\\laravel-react\\vendor\\laravel\\framework\\src\\Illuminate\\Container\\Container.php(994): Illuminate\\Container\\Container->resolveDependencies()
#12 C:\\React\\Web\\Laravel\\Laravel-main\\laravel-react\\vendor\\laravel\\framework\\src\\Illuminate\\Container\\Container.php(832): Illuminate\\Container\\Container->build()
#13 C:\\React\\Web\\Laravel\\Laravel-main\\laravel-react\\vendor\\laravel\\framework\\src\\Illuminate\\Foundation\\Application.php(1078): Illuminate\\Container\\Container->resolve()
#14 C:\\React\\Web\\Laravel\\Laravel-main\\laravel-react\\vendor\\laravel\\framework\\src\\Illuminate\\Container\\Container.php(763): Illuminate\\Foundation\\Application->resolve()
#15 C:\\React\\Web\\Laravel\\Laravel-main\\laravel-react\\vendor\\laravel\\framework\\src\\Illuminate\\Foundation\\Application.php(1058): Illuminate\\Container\\Container->make()
#16 C:\\React\\Web\\Laravel\\Laravel-main\\laravel-react\\vendor\\laravel\\framework\\src\\Illuminate\\Pipeline\\Pipeline.php(198): Illuminate\\Foundation\\Application->make()
#17 C:\\React\\Web\\Laravel\\Laravel-main\\laravel-react\\vendor\\laravel\\framework\\src\\Illuminate\\Pipeline\\Pipeline.php(127): Illuminate\\Pipeline\\Pipeline->{closure:{closure:Illuminate\\Pipeline\\Pipeline::carry():184}:185}()
#18 C:\\React\\Web\\Laravel\\Laravel-main\\laravel-react\\vendor\\laravel\\framework\\src\\Illuminate\\Routing\\Router.php(807): Illuminate\\Pipeline\\Pipeline->then()
#19 C:\\React\\Web\\Laravel\\Laravel-main\\laravel-react\\vendor\\laravel\\framework\\src\\Illuminate\\Routing\\Router.php(786): Illuminate\\Routing\\Router->runRouteWithinStack()
#20 C:\\React\\Web\\Laravel\\Laravel-main\\laravel-react\\vendor\\laravel\\framework\\src\\Illuminate\\Routing\\Router.php(750): Illuminate\\Routing\\Router->runRoute()
#21 C:\\React\\Web\\Laravel\\Laravel-main\\laravel-react\\vendor\\laravel\\framework\\src\\Illuminate\\Routing\\Router.php(739): Illuminate\\Routing\\Router->dispatchToRoute()
#22 C:\\React\\Web\\Laravel\\Laravel-main\\laravel-react\\vendor\\laravel\\framework\\src\\Illuminate\\Foundation\\Http\\Kernel.php(201): Illuminate\\Routing\\Router->dispatch()
#23 C:\\React\\Web\\Laravel\\Laravel-main\\laravel-react\\vendor\\laravel\\framework\\src\\Illuminate\\Pipeline\\Pipeline.php(170): Illuminate\\Foundation\\Http\\Kernel->{closure:Illuminate\\Foundation\\Http\\Kernel::dispatchToRouter():198}()
#24 C:\\React\\Web\\Laravel\\Laravel-main\\laravel-react\\vendor\\laravel\\framework\\src\\Illuminate\\Foundation\\Http\\Middleware\\TransformsRequest.php(21): Illuminate\\Pipeline\\Pipeline->{closure:Illuminate\\Pipeline\\Pipeline::prepareDestination():168}()
#25 C:\\React\\Web\\Laravel\\Laravel-main\\laravel-react\\vendor\\laravel\\framework\\src\\Illuminate\\Foundation\\Http\\Middleware\\ConvertEmptyStringsToNull.php(31): Illuminate\\Foundation\\Http\\Middleware\\TransformsRequest->handle()
#26 C:\\React\\Web\\Laravel\\Laravel-main\\laravel-react\\vendor\\laravel\\framework\\src\\Illuminate\\Pipeline\\Pipeline.php(209): Illuminate\\Foundation\\Http\\Middleware\\ConvertEmptyStringsToNull->handle()
#27 C:\\React\\Web\\Laravel\\Laravel-main\\laravel-react\\vendor\\laravel\\framework\\src\\Illuminate\\Foundation\\Http\\Middleware\\TransformsRequest.php(21): Illuminate\\Pipeline\\Pipeline->{closure:{closure:Illuminate\\Pipeline\\Pipeline::carry():184}:185}()
#28 C:\\React\\Web\\Laravel\\Laravel-main\\laravel-react\\vendor\\laravel\\framework\\src\\Illuminate\\Foundation\\Http\\Middleware\\TrimStrings.php(51): Illuminate\\Foundation\\Http\\Middleware\\TransformsRequest->handle()
#29 C:\\React\\Web\\Laravel\\Laravel-main\\laravel-react\\vendor\\laravel\\framework\\src\\Illuminate\\Pipeline\\Pipeline.php(209): Illuminate\\Foundation\\Http\\Middleware\\TrimStrings->handle()
#30 C:\\React\\Web\\Laravel\\Laravel-main\\laravel-react\\vendor\\laravel\\framework\\src\\Illuminate\\Http\\Middleware\\ValidatePostSize.php(27): Illuminate\\Pipeline\\Pipeline->{closure:{closure:Illuminate\\Pipeline\\Pipeline::carry():184}:185}()
#31 C:\\React\\Web\\Laravel\\Laravel-main\\laravel-react\\vendor\\laravel\\framework\\src\\Illuminate\\Pipeline\\Pipeline.php(209): Illuminate\\Http\\Middleware\\ValidatePostSize->handle()
#32 C:\\React\\Web\\Laravel\\Laravel-main\\laravel-react\\vendor\\laravel\\framework\\src\\Illuminate\\Foundation\\Http\\Middleware\\PreventRequestsDuringMaintenance.php(110): Illuminate\\Pipeline\\Pipeline->{closure:{closure:Illuminate\\Pipeline\\Pipeline::carry():184}:185}()
#33 C:\\React\\Web\\Laravel\\Laravel-main\\laravel-react\\vendor\\laravel\\framework\\src\\Illuminate\\Pipeline\\Pipeline.php(209): Illuminate\\Foundation\\Http\\Middleware\\PreventRequestsDuringMaintenance->handle()
#34 C:\\React\\Web\\Laravel\\Laravel-main\\laravel-react\\vendor\\laravel\\framework\\src\\Illuminate\\Http\\Middleware\\HandleCors.php(49): Illuminate\\Pipeline\\Pipeline->{closure:{closure:Illuminate\\Pipeline\\Pipeline::carry():184}:185}()
#35 C:\\React\\Web\\Laravel\\Laravel-main\\laravel-react\\vendor\\laravel\\framework\\src\\Illuminate\\Pipeline\\Pipeline.php(209): Illuminate\\Http\\Middleware\\HandleCors->handle()
#36 C:\\React\\Web\\Laravel\\Laravel-main\\laravel-react\\vendor\\laravel\\framework\\src\\Illuminate\\Http\\Middleware\\TrustProxies.php(58): Illuminate\\Pipeline\\Pipeline->{closure:{closure:Illuminate\\Pipeline\\Pipeline::carry():184}:185}()
#37 C:\\React\\Web\\Laravel\\Laravel-main\\laravel-react\\vendor\\laravel\\framework\\src\\Illuminate\\Pipeline\\Pipeline.php(209): Illuminate\\Http\\Middleware\\TrustProxies->handle()
#38 C:\\React\\Web\\Laravel\\Laravel-main\\laravel-react\\vendor\\laravel\\framework\\src\\Illuminate\\Foundation\\Http\\Middleware\\InvokeDeferredCallbacks.php(22): Illuminate\\Pipeline\\Pipeline->{closure:{closure:Illuminate\\Pipeline\\Pipeline::carry():184}:185}()
#39 C:\\React\\Web\\Laravel\\Laravel-main\\laravel-react\\vendor\\laravel\\framework\\src\\Illuminate\\Pipeline\\Pipeline.php(209): Illuminate\\Foundation\\Http\\Middleware\\InvokeDeferredCallbacks->handle()
#40 C:\\React\\Web\\Laravel\\Laravel-main\\laravel-react\\vendor\\laravel\\framework\\src\\Illuminate\\Pipeline\\Pipeline.php(127): Illuminate\\Pipeline\\Pipeline->{closure:{closure:Illuminate\\Pipeline\\Pipeline::carry():184}:185}()
#41 C:\\React\\Web\\Laravel\\Laravel-main\\laravel-react\\vendor\\laravel\\framework\\src\\Illuminate\\Foundation\\Http\\Kernel.php(176): Illuminate\\Pipeline\\Pipeline->then()
#42 C:\\React\\Web\\Laravel\\Laravel-main\\laravel-react\\vendor\\laravel\\framework\\src\\Illuminate\\Foundation\\Http\\Kernel.php(145): Illuminate\\Foundation\\Http\\Kernel->sendRequestThroughRouter()
#43 C:\\React\\Web\\Laravel\\Laravel-main\\laravel-react\\vendor\\laravel\\framework\\src\\Illuminate\\Foundation\\Application.php(1220): Illuminate\\Foundation\\Http\\Kernel->handle()
#44 C:\\React\\Web\\Laravel\\Laravel-main\\laravel-react\\public\\index.php(17): Illuminate\\Foundation\\Application->handleRequest()
#45 C:\\React\\Web\\Laravel\\Laravel-main\\laravel-react\\vendor\\laravel\\framework\\src\\Illuminate\\Foundation\\resources\\server.php(23): require_once('...')
#46 {main}
"} 
[2025-04-18 07:33:29] local.ERROR: No application encryption key has been specified. {"exception":"[object] (Illuminate\\Encryption\\MissingAppKeyException(code: 0): No application encryption key has been specified. at C:\\React\\Web\\Laravel\\Laravel-main\\laravel-react\\vendor\\laravel\\framework\\src\\Illuminate\\Encryption\\EncryptionServiceProvider.php:83)
[stacktrace]
#0 C:\\React\\Web\\Laravel\\Laravel-main\\laravel-react\\vendor\\laravel\\framework\\src\\Illuminate\\Support\\helpers.php(399): Illuminate\\Encryption\\EncryptionServiceProvider->{closure:Illuminate\\Encryption\\EncryptionServiceProvider::key():81}()
#1 C:\\React\\Web\\Laravel\\Laravel-main\\laravel-react\\vendor\\laravel\\framework\\src\\Illuminate\\Encryption\\EncryptionServiceProvider.php(81): tap()
#2 C:\\React\\Web\\Laravel\\Laravel-main\\laravel-react\\vendor\\laravel\\framework\\src\\Illuminate\\Encryption\\EncryptionServiceProvider.php(64): Illuminate\\Encryption\\EncryptionServiceProvider->key()
#3 C:\\React\\Web\\Laravel\\Laravel-main\\laravel-react\\vendor\\laravel\\framework\\src\\Illuminate\\Encryption\\EncryptionServiceProvider.php(32): Illuminate\\Encryption\\EncryptionServiceProvider->parseKey()
#4 C:\\React\\Web\\Laravel\\Laravel-main\\laravel-react\\vendor\\laravel\\framework\\src\\Illuminate\\Container\\Container.php(952): Illuminate\\Encryption\\EncryptionServiceProvider->{closure:Illuminate\\Encryption\\EncryptionServiceProvider::registerEncrypter():29}()
#5 C:\\React\\Web\\Laravel\\Laravel-main\\laravel-react\\vendor\\laravel\\framework\\src\\Illuminate\\Container\\Container.php(832): Illuminate\\Container\\Container->build()
#6 C:\\React\\Web\\Laravel\\Laravel-main\\laravel-react\\vendor\\laravel\\framework\\src\\Illuminate\\Foundation\\Application.php(1078): Illuminate\\Container\\Container->resolve()
#7 C:\\React\\Web\\Laravel\\Laravel-main\\laravel-react\\vendor\\laravel\\framework\\src\\Illuminate\\Container\\Container.php(763): Illuminate\\Foundation\\Application->resolve()
#8 C:\\React\\Web\\Laravel\\Laravel-main\\laravel-react\\vendor\\laravel\\framework\\src\\Illuminate\\Foundation\\Application.php(1058): Illuminate\\Container\\Container->make()
#9 C:\\React\\Web\\Laravel\\Laravel-main\\laravel-react\\vendor\\laravel\\framework\\src\\Illuminate\\Container\\Container.php(1133): Illuminate\\Foundation\\Application->make()
#10 C:\\React\\Web\\Laravel\\Laravel-main\\laravel-react\\vendor\\laravel\\framework\\src\\Illuminate\\Container\\Container.php(1043): Illuminate\\Container\\Container->resolveClass()
#11 C:\\React\\Web\\Laravel\\Laravel-main\\laravel-react\\vendor\\laravel\\framework\\src\\Illuminate\\Container\\Container.php(994): Illuminate\\Container\\Container->resolveDependencies()
#12 C:\\React\\Web\\Laravel\\Laravel-main\\laravel-react\\vendor\\laravel\\framework\\src\\Illuminate\\Container\\Container.php(832): Illuminate\\Container\\Container->build()
#13 C:\\React\\Web\\Laravel\\Laravel-main\\laravel-react\\vendor\\laravel\\framework\\src\\Illuminate\\Foundation\\Application.php(1078): Illuminate\\Container\\Container->resolve()
#14 C:\\React\\Web\\Laravel\\Laravel-main\\laravel-react\\vendor\\laravel\\framework\\src\\Illuminate\\Container\\Container.php(763): Illuminate\\Foundation\\Application->resolve()
#15 C:\\React\\Web\\Laravel\\Laravel-main\\laravel-react\\vendor\\laravel\\framework\\src\\Illuminate\\Foundation\\Application.php(1058): Illuminate\\Container\\Container->make()
#16 C:\\React\\Web\\Laravel\\Laravel-main\\laravel-react\\vendor\\laravel\\framework\\src\\Illuminate\\Foundation\\Http\\Kernel.php(258): Illuminate\\Foundation\\Application->make()
#17 C:\\React\\Web\\Laravel\\Laravel-main\\laravel-react\\vendor\\laravel\\framework\\src\\Illuminate\\Foundation\\Http\\Kernel.php(216): Illuminate\\Foundation\\Http\\Kernel->terminateMiddleware()
#18 C:\\React\\Web\\Laravel\\Laravel-main\\laravel-react\\vendor\\laravel\\framework\\src\\Illuminate\\Foundation\\Application.php(1222): Illuminate\\Foundation\\Http\\Kernel->terminate()
#19 C:\\React\\Web\\Laravel\\Laravel-main\\laravel-react\\public\\index.php(17): Illuminate\\Foundation\\Application->handleRequest()
#20 C:\\React\\Web\\Laravel\\Laravel-main\\laravel-react\\vendor\\laravel\\framework\\src\\Illuminate\\Foundation\\resources\\server.php(23): require_once('...')
#21 {main}
"} 
[2025-04-18 07:33:50] local.ERROR: file_get_contents(C:\React\Web\Laravel\Laravel-main\laravel-react\.env): Failed to open stream: No such file or directory {"exception":"[object] (ErrorException(code: 0): file_get_contents(C:\\React\\Web\\Laravel\\Laravel-main\\laravel-react\\.env): Failed to open stream: No such file or directory at C:\\React\\Web\\Laravel\\Laravel-main\\laravel-react\\vendor\\laravel\\framework\\src\\Illuminate\\Foundation\\Console\\KeyGenerateCommand.php:100)
[stacktrace]
#0 C:\\React\\Web\\Laravel\\Laravel-main\\laravel-react\\vendor\\laravel\\framework\\src\\Illuminate\\Foundation\\Bootstrap\\HandleExceptions.php(256): Illuminate\\Foundation\\Bootstrap\\HandleExceptions->handleError()
#1 [internal function]: Illuminate\\Foundation\\Bootstrap\\HandleExceptions->{closure:Illuminate\\Foundation\\Bootstrap\\HandleExceptions::forwardsTo():255}()
#2 C:\\React\\Web\\Laravel\\Laravel-main\\laravel-react\\vendor\\laravel\\framework\\src\\Illuminate\\Foundation\\Console\\KeyGenerateCommand.php(100): file_get_contents()
#3 C:\\React\\Web\\Laravel\\Laravel-main\\laravel-react\\vendor\\laravel\\framework\\src\\Illuminate\\Foundation\\Console\\KeyGenerateCommand.php(82): Illuminate\\Foundation\\Console\\KeyGenerateCommand->writeNewEnvironmentFileWith()
#4 C:\\React\\Web\\Laravel\\Laravel-main\\laravel-react\\vendor\\laravel\\framework\\src\\Illuminate\\Foundation\\Console\\KeyGenerateCommand.php(47): Illuminate\\Foundation\\Console\\KeyGenerateCommand->setKeyInEnvironmentFile()
#5 C:\\React\\Web\\Laravel\\Laravel-main\\laravel-react\\vendor\\laravel\\framework\\src\\Illuminate\\Container\\BoundMethod.php(36): Illuminate\\Foundation\\Console\\KeyGenerateCommand->handle()
#6 C:\\React\\Web\\Laravel\\Laravel-main\\laravel-react\\vendor\\laravel\\framework\\src\\Illuminate\\Container\\Util.php(43): Illuminate\\Container\\BoundMethod::{closure:Illuminate\\Container\\BoundMethod::call():35}()
#7 C:\\React\\Web\\Laravel\\Laravel-main\\laravel-react\\vendor\\laravel\\framework\\src\\Illuminate\\Container\\BoundMethod.php(95): Illuminate\\Container\\Util::unwrapIfClosure()
#8 C:\\React\\Web\\Laravel\\Laravel-main\\laravel-react\\vendor\\laravel\\framework\\src\\Illuminate\\Container\\BoundMethod.php(35): Illuminate\\Container\\BoundMethod::callBoundMethod()
#9 C:\\React\\Web\\Laravel\\Laravel-main\\laravel-react\\vendor\\laravel\\framework\\src\\Illuminate\\Container\\Container.php(696): Illuminate\\Container\\BoundMethod::call()
#10 C:\\React\\Web\\Laravel\\Laravel-main\\laravel-react\\vendor\\laravel\\framework\\src\\Illuminate\\Console\\Command.php(213): Illuminate\\Container\\Container->call()
#11 C:\\React\\Web\\Laravel\\Laravel-main\\laravel-react\\vendor\\symfony\\console\\Command\\Command.php(279): Illuminate\\Console\\Command->execute()
#12 C:\\React\\Web\\Laravel\\Laravel-main\\laravel-react\\vendor\\laravel\\framework\\src\\Illuminate\\Console\\Command.php(182): Symfony\\Component\\Console\\Command\\Command->run()
#13 C:\\React\\Web\\Laravel\\Laravel-main\\laravel-react\\vendor\\symfony\\console\\Application.php(1094): Illuminate\\Console\\Command->run()
#14 C:\\React\\Web\\Laravel\\Laravel-main\\laravel-react\\vendor\\symfony\\console\\Application.php(342): Symfony\\Component\\Console\\Application->doRunCommand()
#15 C:\\React\\Web\\Laravel\\Laravel-main\\laravel-react\\vendor\\symfony\\console\\Application.php(193): Symfony\\Component\\Console\\Application->doRun()
#16 C:\\React\\Web\\Laravel\\Laravel-main\\laravel-react\\vendor\\laravel\\framework\\src\\Illuminate\\Foundation\\Console\\Kernel.php(198): Symfony\\Component\\Console\\Application->run()
#17 C:\\React\\Web\\Laravel\\Laravel-main\\laravel-react\\vendor\\laravel\\framework\\src\\Illuminate\\Foundation\\Application.php(1235): Illuminate\\Foundation\\Console\\Kernel->handle()
#18 C:\\React\\Web\\Laravel\\Laravel-main\\laravel-react\\artisan(13): Illuminate\\Foundation\\Application->handleCommand()
#19 {main}
"} 
[2025-04-18 11:13:33] local.ERROR: Database file at path [C:\React\Web\Laravel\Laravel-main\laravel-react\database\database.sqlite] does not exist. Ensure this is an absolute path to the database. (Connection: sqlite, SQL: select * from "sessions" where "id" = 65Pnrx4rpdWbFsJIE2hWzoLg0mTiimWgB4AETnyV limit 1) {"exception":"[object] (Illuminate\\Database\\QueryException(code: 0): Database file at path [C:\\React\\Web\\Laravel\\Laravel-main\\laravel-react\\database\\database.sqlite] does not exist. Ensure this is an absolute path to the database. (Connection: sqlite, SQL: select * from \"sessions\" where \"id\" = 65Pnrx4rpdWbFsJIE2hWzoLg0mTiimWgB4AETnyV limit 1) at C:\\React\\Web\\Laravel\\Laravel-main\\laravel-react\\vendor\\laravel\\framework\\src\\Illuminate\\Database\\Connection.php:825)
[stacktrace]
#0 C:\\React\\Web\\Laravel\\Laravel-main\\laravel-react\\vendor\\laravel\\framework\\src\\Illuminate\\Database\\Connection.php(779): Illuminate\\Database\\Connection->runQueryCallback()
#1 C:\\React\\Web\\Laravel\\Laravel-main\\laravel-react\\vendor\\laravel\\framework\\src\\Illuminate\\Database\\Connection.php(398): Illuminate\\Database\\Connection->run()
#2 C:\\React\\Web\\Laravel\\Laravel-main\\laravel-react\\vendor\\laravel\\framework\\src\\Illuminate\\Database\\Query\\Builder.php(3106): Illuminate\\Database\\Connection->select()
#3 C:\\React\\Web\\Laravel\\Laravel-main\\laravel-react\\vendor\\laravel\\framework\\src\\Illuminate\\Database\\Query\\Builder.php(3091): Illuminate\\Database\\Query\\Builder->runSelect()
#4 C:\\React\\Web\\Laravel\\Laravel-main\\laravel-react\\vendor\\laravel\\framework\\src\\Illuminate\\Database\\Query\\Builder.php(3676): Illuminate\\Database\\Query\\Builder->{closure:Illuminate\\Database\\Query\\Builder::get():3090}()
#5 C:\\React\\Web\\Laravel\\Laravel-main\\laravel-react\\vendor\\laravel\\framework\\src\\Illuminate\\Database\\Query\\Builder.php(3090): Illuminate\\Database\\Query\\Builder->onceWithColumns()
#6 C:\\React\\Web\\Laravel\\Laravel-main\\laravel-react\\vendor\\laravel\\framework\\src\\Illuminate\\Database\\Concerns\\BuildsQueries.php(343): Illuminate\\Database\\Query\\Builder->get()
#7 C:\\React\\Web\\Laravel\\Laravel-main\\laravel-react\\vendor\\laravel\\framework\\src\\Illuminate\\Database\\Query\\Builder.php(3013): Illuminate\\Database\\Query\\Builder->first()
#8 C:\\React\\Web\\Laravel\\Laravel-main\\laravel-react\\vendor\\laravel\\framework\\src\\Illuminate\\Session\\DatabaseSessionHandler.php(97): Illuminate\\Database\\Query\\Builder->find()
#9 C:\\React\\Web\\Laravel\\Laravel-main\\laravel-react\\vendor\\laravel\\framework\\src\\Illuminate\\Session\\Store.php(117): Illuminate\\Session\\DatabaseSessionHandler->read()
#10 C:\\React\\Web\\Laravel\\Laravel-main\\laravel-react\\vendor\\laravel\\framework\\src\\Illuminate\\Session\\Store.php(105): Illuminate\\Session\\Store->readFromHandler()
#11 C:\\React\\Web\\Laravel\\Laravel-main\\laravel-react\\vendor\\laravel\\framework\\src\\Illuminate\\Session\\Store.php(89): Illuminate\\Session\\Store->loadSession()
#12 C:\\React\\Web\\Laravel\\Laravel-main\\laravel-react\\vendor\\laravel\\framework\\src\\Illuminate\\Session\\Middleware\\StartSession.php(147): Illuminate\\Session\\Store->start()
#13 C:\\React\\Web\\Laravel\\Laravel-main\\laravel-react\\vendor\\laravel\\framework\\src\\Illuminate\\Support\\helpers.php(399): Illuminate\\Session\\Middleware\\StartSession->{closure:Illuminate\\Session\\Middleware\\StartSession::startSession():144}()
#14 C:\\React\\Web\\Laravel\\Laravel-main\\laravel-react\\vendor\\laravel\\framework\\src\\Illuminate\\Session\\Middleware\\StartSession.php(144): tap()
#15 C:\\React\\Web\\Laravel\\Laravel-main\\laravel-react\\vendor\\laravel\\framework\\src\\Illuminate\\Session\\Middleware\\StartSession.php(116): Illuminate\\Session\\Middleware\\StartSession->startSession()
#16 C:\\React\\Web\\Laravel\\Laravel-main\\laravel-react\\vendor\\laravel\\framework\\src\\Illuminate\\Session\\Middleware\\StartSession.php(64): Illuminate\\Session\\Middleware\\StartSession->handleStatefulRequest()
#17 C:\\React\\Web\\Laravel\\Laravel-main\\laravel-react\\vendor\\laravel\\framework\\src\\Illuminate\\Pipeline\\Pipeline.php(209): Illuminate\\Session\\Middleware\\StartSession->handle()
#18 C:\\React\\Web\\Laravel\\Laravel-main\\laravel-react\\vendor\\laravel\\framework\\src\\Illuminate\\Cookie\\Middleware\\AddQueuedCookiesToResponse.php(37): Illuminate\\Pipeline\\Pipeline->{closure:{closure:Illuminate\\Pipeline\\Pipeline::carry():184}:185}()
#19 C:\\React\\Web\\Laravel\\Laravel-main\\laravel-react\\vendor\\laravel\\framework\\src\\Illuminate\\Pipeline\\Pipeline.php(209): Illuminate\\Cookie\\Middleware\\AddQueuedCookiesToResponse->handle()
#20 C:\\React\\Web\\Laravel\\Laravel-main\\laravel-react\\vendor\\laravel\\framework\\src\\Illuminate\\Cookie\\Middleware\\EncryptCookies.php(75): Illuminate\\Pipeline\\Pipeline->{closure:{closure:Illuminate\\Pipeline\\Pipeline::carry():184}:185}()
#21 C:\\React\\Web\\Laravel\\Laravel-main\\laravel-react\\vendor\\laravel\\framework\\src\\Illuminate\\Pipeline\\Pipeline.php(209): Illuminate\\Cookie\\Middleware\\EncryptCookies->handle()
#22 C:\\React\\Web\\Laravel\\Laravel-main\\laravel-react\\vendor\\laravel\\framework\\src\\Illuminate\\Pipeline\\Pipeline.php(127): Illuminate\\Pipeline\\Pipeline->{closure:{closure:Illuminate\\Pipeline\\Pipeline::carry():184}:185}()
#23 C:\\React\\Web\\Laravel\\Laravel-main\\laravel-react\\vendor\\laravel\\framework\\src\\Illuminate\\Routing\\Router.php(807): Illuminate\\Pipeline\\Pipeline->then()
#24 C:\\React\\Web\\Laravel\\Laravel-main\\laravel-react\\vendor\\laravel\\framework\\src\\Illuminate\\Routing\\Router.php(786): Illuminate\\Routing\\Router->runRouteWithinStack()
#25 C:\\React\\Web\\Laravel\\Laravel-main\\laravel-react\\vendor\\laravel\\framework\\src\\Illuminate\\Routing\\Router.php(750): Illuminate\\Routing\\Router->runRoute()
#26 C:\\React\\Web\\Laravel\\Laravel-main\\laravel-react\\vendor\\laravel\\framework\\src\\Illuminate\\Routing\\Router.php(739): Illuminate\\Routing\\Router->dispatchToRoute()
#27 C:\\React\\Web\\Laravel\\Laravel-main\\laravel-react\\vendor\\laravel\\framework\\src\\Illuminate\\Foundation\\Http\\Kernel.php(201): Illuminate\\Routing\\Router->dispatch()
#28 C:\\React\\Web\\Laravel\\Laravel-main\\laravel-react\\vendor\\laravel\\framework\\src\\Illuminate\\Pipeline\\Pipeline.php(170): Illuminate\\Foundation\\Http\\Kernel->{closure:Illuminate\\Foundation\\Http\\Kernel::dispatchToRouter():198}()
#29 C:\\React\\Web\\Laravel\\Laravel-main\\laravel-react\\vendor\\laravel\\framework\\src\\Illuminate\\Foundation\\Http\\Middleware\\TransformsRequest.php(21): Illuminate\\Pipeline\\Pipeline->{closure:Illuminate\\Pipeline\\Pipeline::prepareDestination():168}()
#30 C:\\React\\Web\\Laravel\\Laravel-main\\laravel-react\\vendor\\laravel\\framework\\src\\Illuminate\\Foundation\\Http\\Middleware\\ConvertEmptyStringsToNull.php(31): Illuminate\\Foundation\\Http\\Middleware\\TransformsRequest->handle()
#31 C:\\React\\Web\\Laravel\\Laravel-main\\laravel-react\\vendor\\laravel\\framework\\src\\Illuminate\\Pipeline\\Pipeline.php(209): Illuminate\\Foundation\\Http\\Middleware\\ConvertEmptyStringsToNull->handle()
#32 C:\\React\\Web\\Laravel\\Laravel-main\\laravel-react\\vendor\\laravel\\framework\\src\\Illuminate\\Foundation\\Http\\Middleware\\TransformsRequest.php(21): Illuminate\\Pipeline\\Pipeline->{closure:{closure:Illuminate\\Pipeline\\Pipeline::carry():184}:185}()
#33 C:\\React\\Web\\Laravel\\Laravel-main\\laravel-react\\vendor\\laravel\\framework\\src\\Illuminate\\Foundation\\Http\\Middleware\\TrimStrings.php(51): Illuminate\\Foundation\\Http\\Middleware\\TransformsRequest->handle()
#34 C:\\React\\Web\\Laravel\\Laravel-main\\laravel-react\\vendor\\laravel\\framework\\src\\Illuminate\\Pipeline\\Pipeline.php(209): Illuminate\\Foundation\\Http\\Middleware\\TrimStrings->handle()
#35 C:\\React\\Web\\Laravel\\Laravel-main\\laravel-react\\vendor\\laravel\\framework\\src\\Illuminate\\Http\\Middleware\\ValidatePostSize.php(27): Illuminate\\Pipeline\\Pipeline->{closure:{closure:Illuminate\\Pipeline\\Pipeline::carry():184}:185}()
#36 C:\\React\\Web\\Laravel\\Laravel-main\\laravel-react\\vendor\\laravel\\framework\\src\\Illuminate\\Pipeline\\Pipeline.php(209): Illuminate\\Http\\Middleware\\ValidatePostSize->handle()
#37 C:\\React\\Web\\Laravel\\Laravel-main\\laravel-react\\vendor\\laravel\\framework\\src\\Illuminate\\Foundation\\Http\\Middleware\\PreventRequestsDuringMaintenance.php(110): Illuminate\\Pipeline\\Pipeline->{closure:{closure:Illuminate\\Pipeline\\Pipeline::carry():184}:185}()
#38 C:\\React\\Web\\Laravel\\Laravel-main\\laravel-react\\vendor\\laravel\\framework\\src\\Illuminate\\Pipeline\\Pipeline.php(209): Illuminate\\Foundation\\Http\\Middleware\\PreventRequestsDuringMaintenance->handle()
#39 C:\\React\\Web\\Laravel\\Laravel-main\\laravel-react\\vendor\\laravel\\framework\\src\\Illuminate\\Http\\Middleware\\HandleCors.php(49): Illuminate\\Pipeline\\Pipeline->{closure:{closure:Illuminate\\Pipeline\\Pipeline::carry():184}:185}()
#40 C:\\React\\Web\\Laravel\\Laravel-main\\laravel-react\\vendor\\laravel\\framework\\src\\Illuminate\\Pipeline\\Pipeline.php(209): Illuminate\\Http\\Middleware\\HandleCors->handle()
#41 C:\\React\\Web\\Laravel\\Laravel-main\\laravel-react\\vendor\\laravel\\framework\\src\\Illuminate\\Http\\Middleware\\TrustProxies.php(58): Illuminate\\Pipeline\\Pipeline->{closure:{closure:Illuminate\\Pipeline\\Pipeline::carry():184}:185}()
#42 C:\\React\\Web\\Laravel\\Laravel-main\\laravel-react\\vendor\\laravel\\framework\\src\\Illuminate\\Pipeline\\Pipeline.php(209): Illuminate\\Http\\Middleware\\TrustProxies->handle()
#43 C:\\React\\Web\\Laravel\\Laravel-main\\laravel-react\\vendor\\laravel\\framework\\src\\Illuminate\\Foundation\\Http\\Middleware\\InvokeDeferredCallbacks.php(22): Illuminate\\Pipeline\\Pipeline->{closure:{closure:Illuminate\\Pipeline\\Pipeline::carry():184}:185}()
#44 C:\\React\\Web\\Laravel\\Laravel-main\\laravel-react\\vendor\\laravel\\framework\\src\\Illuminate\\Pipeline\\Pipeline.php(209): Illuminate\\Foundation\\Http\\Middleware\\InvokeDeferredCallbacks->handle()
#45 C:\\React\\Web\\Laravel\\Laravel-main\\laravel-react\\vendor\\laravel\\framework\\src\\Illuminate\\Pipeline\\Pipeline.php(127): Illuminate\\Pipeline\\Pipeline->{closure:{closure:Illuminate\\Pipeline\\Pipeline::carry():184}:185}()
#46 C:\\React\\Web\\Laravel\\Laravel-main\\laravel-react\\vendor\\laravel\\framework\\src\\Illuminate\\Foundation\\Http\\Kernel.php(176): Illuminate\\Pipeline\\Pipeline->then()
#47 C:\\React\\Web\\Laravel\\Laravel-main\\laravel-react\\vendor\\laravel\\framework\\src\\Illuminate\\Foundation\\Http\\Kernel.php(145): Illuminate\\Foundation\\Http\\Kernel->sendRequestThroughRouter()
#48 C:\\React\\Web\\Laravel\\Laravel-main\\laravel-react\\vendor\\laravel\\framework\\src\\Illuminate\\Foundation\\Application.php(1220): Illuminate\\Foundation\\Http\\Kernel->handle()
#49 C:\\React\\Web\\Laravel\\Laravel-main\\laravel-react\\public\\index.php(17): Illuminate\\Foundation\\Application->handleRequest()
#50 C:\\React\\Web\\Laravel\\Laravel-main\\laravel-react\\vendor\\laravel\\framework\\src\\Illuminate\\Foundation\\resources\\server.php(23): require_once('...')
#51 {main}

[previous exception] [object] (Illuminate\\Database\\SQLiteDatabaseDoesNotExistException(code: 0): Database file at path [C:\\React\\Web\\Laravel\\Laravel-main\\laravel-react\\database\\database.sqlite] does not exist. Ensure this is an absolute path to the database. at C:\\React\\Web\\Laravel\\Laravel-main\\laravel-react\\vendor\\laravel\\framework\\src\\Illuminate\\Database\\Connectors\\SQLiteConnector.php:37)
[stacktrace]
#0 C:\\React\\Web\\Laravel\\Laravel-main\\laravel-react\\vendor\\laravel\\framework\\src\\Illuminate\\Database\\Connectors\\ConnectionFactory.php(224): Illuminate\\Database\\Connectors\\SQLiteConnector->connect()
#1 [internal function]: Illuminate\\Database\\Connectors\\ConnectionFactory->{closure:Illuminate\\Database\\Connectors\\ConnectionFactory::createPdoResolverWithoutHosts():224}()
#2 C:\\React\\Web\\Laravel\\Laravel-main\\laravel-react\\vendor\\laravel\\framework\\src\\Illuminate\\Database\\Connection.php(1231): call_user_func()
#3 C:\\React\\Web\\Laravel\\Laravel-main\\laravel-react\\vendor\\laravel\\framework\\src\\Illuminate\\Database\\Connection.php(512): Illuminate\\Database\\Connection->getPdo()
#4 C:\\React\\Web\\Laravel\\Laravel-main\\laravel-react\\vendor\\laravel\\framework\\src\\Illuminate\\Database\\Connection.php(407): Illuminate\\Database\\Connection->getPdoForSelect()
#5 C:\\React\\Web\\Laravel\\Laravel-main\\laravel-react\\vendor\\laravel\\framework\\src\\Illuminate\\Database\\Connection.php(812): Illuminate\\Database\\Connection->{closure:Illuminate\\Database\\Connection::select():398}()
#6 C:\\React\\Web\\Laravel\\Laravel-main\\laravel-react\\vendor\\laravel\\framework\\src\\Illuminate\\Database\\Connection.php(779): Illuminate\\Database\\Connection->runQueryCallback()
#7 C:\\React\\Web\\Laravel\\Laravel-main\\laravel-react\\vendor\\laravel\\framework\\src\\Illuminate\\Database\\Connection.php(398): Illuminate\\Database\\Connection->run()
#8 C:\\React\\Web\\Laravel\\Laravel-main\\laravel-react\\vendor\\laravel\\framework\\src\\Illuminate\\Database\\Query\\Builder.php(3106): Illuminate\\Database\\Connection->select()
#9 C:\\React\\Web\\Laravel\\Laravel-main\\laravel-react\\vendor\\laravel\\framework\\src\\Illuminate\\Database\\Query\\Builder.php(3091): Illuminate\\Database\\Query\\Builder->runSelect()
#10 C:\\React\\Web\\Laravel\\Laravel-main\\laravel-react\\vendor\\laravel\\framework\\src\\Illuminate\\Database\\Query\\Builder.php(3676): Illuminate\\Database\\Query\\Builder->{closure:Illuminate\\Database\\Query\\Builder::get():3090}()
#11 C:\\React\\Web\\Laravel\\Laravel-main\\laravel-react\\vendor\\laravel\\framework\\src\\Illuminate\\Database\\Query\\Builder.php(3090): Illuminate\\Database\\Query\\Builder->onceWithColumns()
#12 C:\\React\\Web\\Laravel\\Laravel-main\\laravel-react\\vendor\\laravel\\framework\\src\\Illuminate\\Database\\Concerns\\BuildsQueries.php(343): Illuminate\\Database\\Query\\Builder->get()
#13 C:\\React\\Web\\Laravel\\Laravel-main\\laravel-react\\vendor\\laravel\\framework\\src\\Illuminate\\Database\\Query\\Builder.php(3013): Illuminate\\Database\\Query\\Builder->first()
#14 C:\\React\\Web\\Laravel\\Laravel-main\\laravel-react\\vendor\\laravel\\framework\\src\\Illuminate\\Session\\DatabaseSessionHandler.php(97): Illuminate\\Database\\Query\\Builder->find()
#15 C:\\React\\Web\\Laravel\\Laravel-main\\laravel-react\\vendor\\laravel\\framework\\src\\Illuminate\\Session\\Store.php(117): Illuminate\\Session\\DatabaseSessionHandler->read()
#16 C:\\React\\Web\\Laravel\\Laravel-main\\laravel-react\\vendor\\laravel\\framework\\src\\Illuminate\\Session\\Store.php(105): Illuminate\\Session\\Store->readFromHandler()
#17 C:\\React\\Web\\Laravel\\Laravel-main\\laravel-react\\vendor\\laravel\\framework\\src\\Illuminate\\Session\\Store.php(89): Illuminate\\Session\\Store->loadSession()
#18 C:\\React\\Web\\Laravel\\Laravel-main\\laravel-react\\vendor\\laravel\\framework\\src\\Illuminate\\Session\\Middleware\\StartSession.php(147): Illuminate\\Session\\Store->start()
#19 C:\\React\\Web\\Laravel\\Laravel-main\\laravel-react\\vendor\\laravel\\framework\\src\\Illuminate\\Support\\helpers.php(399): Illuminate\\Session\\Middleware\\StartSession->{closure:Illuminate\\Session\\Middleware\\StartSession::startSession():144}()
#20 C:\\React\\Web\\Laravel\\Laravel-main\\laravel-react\\vendor\\laravel\\framework\\src\\Illuminate\\Session\\Middleware\\StartSession.php(144): tap()
#21 C:\\React\\Web\\Laravel\\Laravel-main\\laravel-react\\vendor\\laravel\\framework\\src\\Illuminate\\Session\\Middleware\\StartSession.php(116): Illuminate\\Session\\Middleware\\StartSession->startSession()
#22 C:\\React\\Web\\Laravel\\Laravel-main\\laravel-react\\vendor\\laravel\\framework\\src\\Illuminate\\Session\\Middleware\\StartSession.php(64): Illuminate\\Session\\Middleware\\StartSession->handleStatefulRequest()
#23 C:\\React\\Web\\Laravel\\Laravel-main\\laravel-react\\vendor\\laravel\\framework\\src\\Illuminate\\Pipeline\\Pipeline.php(209): Illuminate\\Session\\Middleware\\StartSession->handle()
#24 C:\\React\\Web\\Laravel\\Laravel-main\\laravel-react\\vendor\\laravel\\framework\\src\\Illuminate\\Cookie\\Middleware\\AddQueuedCookiesToResponse.php(37): Illuminate\\Pipeline\\Pipeline->{closure:{closure:Illuminate\\Pipeline\\Pipeline::carry():184}:185}()
#25 C:\\React\\Web\\Laravel\\Laravel-main\\laravel-react\\vendor\\laravel\\framework\\src\\Illuminate\\Pipeline\\Pipeline.php(209): Illuminate\\Cookie\\Middleware\\AddQueuedCookiesToResponse->handle()
#26 C:\\React\\Web\\Laravel\\Laravel-main\\laravel-react\\vendor\\laravel\\framework\\src\\Illuminate\\Cookie\\Middleware\\EncryptCookies.php(75): Illuminate\\Pipeline\\Pipeline->{closure:{closure:Illuminate\\Pipeline\\Pipeline::carry():184}:185}()
#27 C:\\React\\Web\\Laravel\\Laravel-main\\laravel-react\\vendor\\laravel\\framework\\src\\Illuminate\\Pipeline\\Pipeline.php(209): Illuminate\\Cookie\\Middleware\\EncryptCookies->handle()
#28 C:\\React\\Web\\Laravel\\Laravel-main\\laravel-react\\vendor\\laravel\\framework\\src\\Illuminate\\Pipeline\\Pipeline.php(127): Illuminate\\Pipeline\\Pipeline->{closure:{closure:Illuminate\\Pipeline\\Pipeline::carry():184}:185}()
#29 C:\\React\\Web\\Laravel\\Laravel-main\\laravel-react\\vendor\\laravel\\framework\\src\\Illuminate\\Routing\\Router.php(807): Illuminate\\Pipeline\\Pipeline->then()
#30 C:\\React\\Web\\Laravel\\Laravel-main\\laravel-react\\vendor\\laravel\\framework\\src\\Illuminate\\Routing\\Router.php(786): Illuminate\\Routing\\Router->runRouteWithinStack()
#31 C:\\React\\Web\\Laravel\\Laravel-main\\laravel-react\\vendor\\laravel\\framework\\src\\Illuminate\\Routing\\Router.php(750): Illuminate\\Routing\\Router->runRoute()
#32 C:\\React\\Web\\Laravel\\Laravel-main\\laravel-react\\vendor\\laravel\\framework\\src\\Illuminate\\Routing\\Router.php(739): Illuminate\\Routing\\Router->dispatchToRoute()
#33 C:\\React\\Web\\Laravel\\Laravel-main\\laravel-react\\vendor\\laravel\\framework\\src\\Illuminate\\Foundation\\Http\\Kernel.php(201): Illuminate\\Routing\\Router->dispatch()
#34 C:\\React\\Web\\Laravel\\Laravel-main\\laravel-react\\vendor\\laravel\\framework\\src\\Illuminate\\Pipeline\\Pipeline.php(170): Illuminate\\Foundation\\Http\\Kernel->{closure:Illuminate\\Foundation\\Http\\Kernel::dispatchToRouter():198}()
#35 C:\\React\\Web\\Laravel\\Laravel-main\\laravel-react\\vendor\\laravel\\framework\\src\\Illuminate\\Foundation\\Http\\Middleware\\TransformsRequest.php(21): Illuminate\\Pipeline\\Pipeline->{closure:Illuminate\\Pipeline\\Pipeline::prepareDestination():168}()
#36 C:\\React\\Web\\Laravel\\Laravel-main\\laravel-react\\vendor\\laravel\\framework\\src\\Illuminate\\Foundation\\Http\\Middleware\\ConvertEmptyStringsToNull.php(31): Illuminate\\Foundation\\Http\\Middleware\\TransformsRequest->handle()
#37 C:\\React\\Web\\Laravel\\Laravel-main\\laravel-react\\vendor\\laravel\\framework\\src\\Illuminate\\Pipeline\\Pipeline.php(209): Illuminate\\Foundation\\Http\\Middleware\\ConvertEmptyStringsToNull->handle()
#38 C:\\React\\Web\\Laravel\\Laravel-main\\laravel-react\\vendor\\laravel\\framework\\src\\Illuminate\\Foundation\\Http\\Middleware\\TransformsRequest.php(21): Illuminate\\Pipeline\\Pipeline->{closure:{closure:Illuminate\\Pipeline\\Pipeline::carry():184}:185}()
#39 C:\\React\\Web\\Laravel\\Laravel-main\\laravel-react\\vendor\\laravel\\framework\\src\\Illuminate\\Foundation\\Http\\Middleware\\TrimStrings.php(51): Illuminate\\Foundation\\Http\\Middleware\\TransformsRequest->handle()
#40 C:\\React\\Web\\Laravel\\Laravel-main\\laravel-react\\vendor\\laravel\\framework\\src\\Illuminate\\Pipeline\\Pipeline.php(209): Illuminate\\Foundation\\Http\\Middleware\\TrimStrings->handle()
#41 C:\\React\\Web\\Laravel\\Laravel-main\\laravel-react\\vendor\\laravel\\framework\\src\\Illuminate\\Http\\Middleware\\ValidatePostSize.php(27): Illuminate\\Pipeline\\Pipeline->{closure:{closure:Illuminate\\Pipeline\\Pipeline::carry():184}:185}()
#42 C:\\React\\Web\\Laravel\\Laravel-main\\laravel-react\\vendor\\laravel\\framework\\src\\Illuminate\\Pipeline\\Pipeline.php(209): Illuminate\\Http\\Middleware\\ValidatePostSize->handle()
#43 C:\\React\\Web\\Laravel\\Laravel-main\\laravel-react\\vendor\\laravel\\framework\\src\\Illuminate\\Foundation\\Http\\Middleware\\PreventRequestsDuringMaintenance.php(110): Illuminate\\Pipeline\\Pipeline->{closure:{closure:Illuminate\\Pipeline\\Pipeline::carry():184}:185}()
#44 C:\\React\\Web\\Laravel\\Laravel-main\\laravel-react\\vendor\\laravel\\framework\\src\\Illuminate\\Pipeline\\Pipeline.php(209): Illuminate\\Foundation\\Http\\Middleware\\PreventRequestsDuringMaintenance->handle()
#45 C:\\React\\Web\\Laravel\\Laravel-main\\laravel-react\\vendor\\laravel\\framework\\src\\Illuminate\\Http\\Middleware\\HandleCors.php(49): Illuminate\\Pipeline\\Pipeline->{closure:{closure:Illuminate\\Pipeline\\Pipeline::carry():184}:185}()
#46 C:\\React\\Web\\Laravel\\Laravel-main\\laravel-react\\vendor\\laravel\\framework\\src\\Illuminate\\Pipeline\\Pipeline.php(209): Illuminate\\Http\\Middleware\\HandleCors->handle()
#47 C:\\React\\Web\\Laravel\\Laravel-main\\laravel-react\\vendor\\laravel\\framework\\src\\Illuminate\\Http\\Middleware\\TrustProxies.php(58): Illuminate\\Pipeline\\Pipeline->{closure:{closure:Illuminate\\Pipeline\\Pipeline::carry():184}:185}()
#48 C:\\React\\Web\\Laravel\\Laravel-main\\laravel-react\\vendor\\laravel\\framework\\src\\Illuminate\\Pipeline\\Pipeline.php(209): Illuminate\\Http\\Middleware\\TrustProxies->handle()
#49 C:\\React\\Web\\Laravel\\Laravel-main\\laravel-react\\vendor\\laravel\\framework\\src\\Illuminate\\Foundation\\Http\\Middleware\\InvokeDeferredCallbacks.php(22): Illuminate\\Pipeline\\Pipeline->{closure:{closure:Illuminate\\Pipeline\\Pipeline::carry():184}:185}()
#50 C:\\React\\Web\\Laravel\\Laravel-main\\laravel-react\\vendor\\laravel\\framework\\src\\Illuminate\\Pipeline\\Pipeline.php(209): Illuminate\\Foundation\\Http\\Middleware\\InvokeDeferredCallbacks->handle()
#51 C:\\React\\Web\\Laravel\\Laravel-main\\laravel-react\\vendor\\laravel\\framework\\src\\Illuminate\\Pipeline\\Pipeline.php(127): Illuminate\\Pipeline\\Pipeline->{closure:{closure:Illuminate\\Pipeline\\Pipeline::carry():184}:185}()
#52 C:\\React\\Web\\Laravel\\Laravel-main\\laravel-react\\vendor\\laravel\\framework\\src\\Illuminate\\Foundation\\Http\\Kernel.php(176): Illuminate\\Pipeline\\Pipeline->then()
#53 C:\\React\\Web\\Laravel\\Laravel-main\\laravel-react\\vendor\\laravel\\framework\\src\\Illuminate\\Foundation\\Http\\Kernel.php(145): Illuminate\\Foundation\\Http\\Kernel->sendRequestThroughRouter()
#54 C:\\React\\Web\\Laravel\\Laravel-main\\laravel-react\\vendor\\laravel\\framework\\src\\Illuminate\\Foundation\\Application.php(1220): Illuminate\\Foundation\\Http\\Kernel->handle()
#55 C:\\React\\Web\\Laravel\\Laravel-main\\laravel-react\\public\\index.php(17): Illuminate\\Foundation\\Application->handleRequest()
#56 C:\\React\\Web\\Laravel\\Laravel-main\\laravel-react\\vendor\\laravel\\framework\\src\\Illuminate\\Foundation\\resources\\server.php(23): require_once('...')
#57 {main}
"} 
